2025-06-17 01:55:10,661 - [1] Detected: DL1AB2345, Confidence: 0.95
2025-06-17 01:55:10,851 - [2] Detected: HDL1AB2345, Confidence: 0.95
2025-06-17 01:55:17,589 - [3] Detected: PDL1AB2345, Confidence: 0.95
2025-06-17 01:56:13,314 - [1] Detected: ETR03MF4477, Confidence: 0.95
2025-06-17 01:56:13,551 - [2] Detected: TR03MF4477, Confidence: 0.95
2025-06-17 01:56:15,241 - [3] Detected: ITR03MF4477, Confidence: 0.95
2025-06-17 01:58:35,493 - [1] Detected: DL4CAFL943, Confidence: 0.95
2025-06-17 01:58:35,689 - [2] Detected: DLGCAFL943, Confidence: 0.95
2025-06-17 01:58:35,936 - [3] Detected: DLCCAF4943, Confidence: 0.95
2025-06-17 02:03:06,182 - [1] Detected: DL4CAF4943, Confidence: 0.95
2025-06-17 02:03:06,353 - [2] Detected: DLGCAF4943, Confidence: 0.95
2025-06-17 02:03:07,157 - [3] Detected: MDLGCAF4943, Confidence: 0.95
2025-06-18 21:05:51,967 - [1] Detected: DL1A82345, Confidence: 0.95
2025-06-18 21:05:52,612 - [2] Detected: AESB2345, Confidence: 0.95
2025-06-18 21:05:53,691 - [3] Detected: DL1AB2345, Confidence: 0.95
2025-06-18 21:18:08,771 - [1] Detected: DL1AB2345, Confidence: 0.95
2025-06-18 21:18:08,953 - [2] Detected: MDL1AB2345, Confidence: 0.95
2025-06-18 21:18:09,142 - [3] Detected: FDL1AB2345, Confidence: 0.95
2025-06-18 21:20:06,394 - [1] Detected: LKA013C5758, Confidence: 0.95
2025-06-18 21:20:06,761 - [2] Detected: KA013C5758, Confidence: 0.95
2025-06-18 21:20:07,127 - [3] Detected: LKAO13C5758, Confidence: 0.95
